
R version 2.15.3 (2013-03-01) -- "Security Blanket"
Copyright (C) 2013 The R Foundation for Statistical Computing
ISBN 3-900051-07-0
Platform: x86_64-unknown-linux-gnu (64-bit)

R is free software and comes with ABSOLUTELY NO WARRANTY.
You are welcome to redistribute it under certain conditions.
Type 'license()' or 'licence()' for distribution details.

R is a collaborative project with many contributors.
Type 'contributors()' for more information and
'citation()' on how to cite R or R packages in publications.

Type 'demo()' for some demos, 'help()' for on-line help, or
'help.start()' for an HTML browser interface to help.
Type 'q()' to quit R.

> ####################################################
> # ACRU MODEL Autogenic x Competition x (Temp x Precip) :
> # Autogenic: Size/Age logistic scalar with Max potential growth for absolute values
> # Competition: Relative Size, Plot BA Scalars
> # Climate: 3-month means, prev Jun - current Nov
> #	-- Temp: Gaussian
> #	-- Precip: with flow Gaussian
> #
> ####################################################
> rm(list=ls())
> 
> data_directory <- "~/CARCA/Growth-Models/Seasonal/"
> #memory.size(4024)
> setwd(data_directory)
> library(likelihood)
Loading required package: nlme
> 
> # run.label <- "ACRU_Full_Season"
> # load(file=paste( run.label, "_Results.Rdata", sep=""))
> 
> run.label <- "ACRU_Full_Season"
> 
> #############
> # Reading in Test Data & some formating
> all.data <-read.csv("../RawInputs/CARCA_CoreData_Climate_Month_Wide.csv")
> all.data[,substr(names(all.data),1,4)=="Tavg"] <- all.data[,substr(names(all.data),1,4)=="Tavg"]+273.15
> all.data$BA.tree.cm2 <- all.data$BA.tree/100
> all.data$Site.Trans <- as.factor(substr(all.data$PlotID,1,4))
> summary(all.data)
      Year          PlotID           TreeID        Site       Trans     
 Min.   :1771   HNKC2  :  8505   BLDA101:   243   BLD:62694   A: 88452  
 1st Qu.:1831   FLTA1  :  7776   BLDA102:   243   FLT:49329   B: 93798  
 Median :1892   HIKA1  :  7290   BLDA103:   243   HIK:48357   C:106434  
 Mean   :1892   HNKB2  :  7290   BLDA104:   243   HNK:43983             
 3rd Qu.:1953   HNKA3  :  7047   BLDA105:   243   IRN:52245             
 Max.   :2013   BLDA2  :  6804   BLDA106:   243   MOR:32076             
                (Other):243972   (Other):287226                         
      Plot            BAI                 CoreID       Pith      
 Min.   :1.000   Min.   :    0.00   BLDA101HI:   243   N:211896  
 1st Qu.:1.000   1st Qu.:   84.36   BLDA102HI:   243   Y: 76788  
 Median :2.000   Median :  244.79   BLDA103HI:   243             
 Mean   :2.265   Mean   :  459.83   BLDA104HI:   243             
 3rd Qu.:3.000   3rd Qu.:  589.69   BLDA105HI:   243             
 Max.   :4.000   Max.   :18648.71   BLDA106HI:   243             
                 NA's   :202009     (Other)  :287226             
    Pith.Yr          Inner          Outer      Bark       Use       
 Min.   :1756    Min.   :1762   Min.   :1990   N:  6318   N:  4617  
 1st Qu.:1917    1st Qu.:1923   1st Qu.:2012   Y:282366   Y:284067  
 Median :1933    Median :1938   Median :2012                        
 Mean   :1936    Mean   :1939   Mean   :2012                        
 3rd Qu.:1953    3rd Qu.:1955   3rd Qu.:2012                        
 Max.   :2008    Max.   :2009   Max.   :2013                        
 NA's   :60021                                                      
                        Notes         Pith.offset         Tree      
 poor corr w/ master       :   972   Min.   : 0.00   Min.   : 1.00  
 poor correlation w/ master:   972   1st Qu.: 1.00   1st Qu.:10.00  
 1977 missing              :   486   Median : 2.00   Median :18.50  
 1986 missing              :   486   Mean   : 3.35   Mean   :20.86  
 1999 missing              :   486   3rd Qu.: 5.00   3rd Qu.:30.00  
 (Other)                   : 14094   Max.   :20.00   Max.   :84.00  
 NA's                      :271188   NA's   :60021                  
      Spp              Genus         Canopy         Live       
 ACRU   :71199   Quercus  :111294   C   :148230   DEAD:   243  
 QUPR   :50787   Acer     : 85779   D   :  8748   LIVE:288441  
 QURU   :43740   Nyssa    : 38880   I   : 86022                
 NYSY   :38880   Magnolia : 11421   U   : 45441                
 ACSA   :14580   Betula   :  8262   NA's:   243                
 MAAC   : 9720   Sassafras:  7776                              
 (Other):59778   (Other)  : 25272                              
      Age            BA.m2ha          BAI.filled          BA.tree      
 Min.   :  0.00   Min.   : 0.0000   Min.   :    0.00   Min.   :     0  
 1st Qu.: 19.00   1st Qu.: 0.0000   1st Qu.:    0.00   1st Qu.:     0  
 Median : 40.00   Median : 0.0000   Median :    0.00   Median :     0  
 Mean   : 44.55   Mean   : 0.1771   Mean   :  149.04   Mean   :  6106  
 3rd Qu.: 64.00   3rd Qu.: 0.0615   3rd Qu.:   74.84   3rd Qu.:  2007  
 Max.   :256.00   Max.   :11.8597   Max.   :18648.71   Max.   :462177  
 NA's   :195231   NA's   :1047      NA's   :985        NA's   :1047    
     Stems          Density.Ha     BAI.filled.plot      BA.plot       
 Min.   :0.0000   Min.   : 0.000   Min.   :    0.0   Min.   :    0.0  
 1st Qu.:0.0000   1st Qu.: 0.000   1st Qu.:    0.0   1st Qu.:    0.0  
 Median :0.0000   Median : 0.000   Median :  904.8   Median :  581.2  
 Mean   :0.3191   Mean   : 9.728   Mean   : 3899.5   Mean   : 2063.0  
 3rd Qu.:1.0000   3rd Qu.:31.831   3rd Qu.: 6247.5   3rd Qu.: 2866.9  
 Max.   :1.0000   Max.   :49.736   Max.   :38677.4   Max.   :23212.2  
                                   NA's   :1500      NA's   :1500     
  BA.m2ha.plot     Density.ha.plot     Stems.plot     BAI.m2ha.plot   
 Min.   : 0.0000   Min.   :   0.00   Min.   : 0.000   Min.   :0.0000  
 1st Qu.: 0.0000   1st Qu.:   0.00   1st Qu.: 0.000   1st Qu.:0.0000  
 Median : 0.0705   Median :  63.66   Median : 2.000   Median :0.0274  
 Mean   : 3.4704   Mean   : 268.53   Mean   : 8.898   Mean   :0.1135  
 3rd Qu.: 4.3534   3rd Qu.: 509.30   3rd Qu.:18.000   3rd Qu.:0.1935  
 Max.   :35.8804   Max.   :1432.39   Max.   :45.000   Max.   :1.0485  
 NA's   :1500      NA's   :1500      NA's   :1500     NA's   :1500    
 BA.m2ha.plot.live     RelBA          Site.Trans        Latitude     
 Min.   : 0.000    Min.   :0.00     BLDC   : 23814   Min.   :36.75   
 1st Qu.: 0.000    1st Qu.:0.05     IRNC   : 20898   1st Qu.:37.24   
 Median : 1.116    Median :0.17     HIKC   : 20169   Median :37.91   
 Mean   : 5.122    Mean   :0.30     BLDA   : 19926   Mean   :37.74   
 3rd Qu.: 6.584    3rd Qu.:0.46     BLDB   : 18954   3rd Qu.:38.32   
 Max.   :57.620    Max.   :1.00     IRNB   : 18711   Max.   :38.58   
 NA's   :985       NA's   :199115   (Other):166212   NA's   :154440  
   Longitude           elev             flow             TPI        
 Min.   :-81.31   Min.   : 666.9   Min.   :0.01     Min.   :-0.23   
 1st Qu.:-80.86   1st Qu.: 843.7   1st Qu.:0.01     1st Qu.:-0.10   
 Median :-79.85   Median : 952.4   Median :0.03     Median :-0.03   
 Mean   :-80.10   Mean   : 955.7   Mean   :0.12     Mean   : 0.01   
 3rd Qu.:-79.22   3rd Qu.:1098.3   3rd Qu.:0.06     3rd Qu.: 0.15   
 Max.   :-79.15   Max.   :1256.7   Max.   :1.42     Max.   : 0.30   
 NA's   :154440   NA's   :154440   NA's   :154440   NA's   :154440  
    Tavg.X01         Tavg.X02         Tavg.X03         Tavg.X04     
 Min.   :260.1    Min.   :262.9    Min.   :264.5    Min.   :274.6   
 1st Qu.:269.2    1st Qu.:270.3    1st Qu.:274.7    1st Qu.:280.5   
 Median :271.3    Median :272.4    Median :276.8    Median :282.4   
 Mean   :271.2    Mean   :272.2    Mean   :276.7    Mean   :282.2   
 3rd Qu.:273.2    3rd Qu.:274.2    3rd Qu.:278.8    3rd Qu.:284.0   
 Max.   :280.5    Max.   :278.5    Max.   :285.0    Max.   :287.7   
 NA's   :154440   NA's   :154440   NA's   :154440   NA's   :154440  
    Tavg.X05         Tavg.X06         Tavg.X07         Tavg.X08     
 Min.   :279.8    Min.   :284.9    Min.   :287.3    Min.   :285.8   
 1st Qu.:285.8    1st Qu.:290.0    1st Qu.:292.1    1st Qu.:291.3   
 Median :287.5    Median :291.4    Median :293.4    Median :292.7   
 Mean   :287.3    Mean   :291.1    Mean   :293.1    Mean   :292.5   
 3rd Qu.:289.0    3rd Qu.:292.5    3rd Qu.:294.3    3rd Qu.:293.8   
 Max.   :292.2    Max.   :296.2    Max.   :297.1    Max.   :297.3   
 NA's   :154440   NA's   :154440   NA's   :154440   NA's   :154440  
    Tavg.X09         Tavg.X10         Tavg.X11         Tavg.X12     
 Min.   :282.8    Min.   :276.6    Min.   :271.5    Min.   :263.8   
 1st Qu.:288.1    1st Qu.:282.2    1st Qu.:276.5    1st Qu.:271.3   
 Median :289.5    Median :283.7    Median :277.8    Median :273.1   
 Mean   :289.3    Mean   :283.5    Mean   :277.8    Mean   :273.0   
 3rd Qu.:290.7    3rd Qu.:285.0    3rd Qu.:279.1    3rd Qu.:274.8   
 Max.   :294.2    Max.   :288.6    Max.   :283.7    Max.   :279.9   
 NA's   :154440   NA's   :154440   NA's   :154440   NA's   :154440  
 Tavg.X01.prev    Tavg.X02.prev    Tavg.X03.prev    Tavg.X04.prev   
 Min.   :260.1    Min.   :262.9    Min.   :264.5    Min.   :274.6   
 1st Qu.:269.2    1st Qu.:270.3    1st Qu.:274.7    1st Qu.:280.5   
 Median :271.3    Median :272.4    Median :276.8    Median :282.4   
 Mean   :271.2    Mean   :272.1    Mean   :276.6    Mean   :282.2   
 3rd Qu.:273.2    3rd Qu.:274.2    3rd Qu.:278.7    3rd Qu.:284.0   
 Max.   :280.5    Max.   :278.5    Max.   :285.0    Max.   :287.7   
 NA's   :155628   NA's   :155628   NA's   :155628   NA's   :155628  
 Tavg.X05.prev    Tavg.X06.prev    Tavg.X07.prev    Tavg.X08.prev   
 Min.   :279.8    Min.   :284.9    Min.   :287.3    Min.   :285.8   
 1st Qu.:285.8    1st Qu.:290.0    1st Qu.:292.1    1st Qu.:291.3   
 Median :287.5    Median :291.4    Median :293.3    Median :292.7   
 Mean   :287.3    Mean   :291.1    Mean   :293.1    Mean   :292.5   
 3rd Qu.:288.9    3rd Qu.:292.5    3rd Qu.:294.2    3rd Qu.:293.8   
 Max.   :292.2    Max.   :296.2    Max.   :297.1    Max.   :297.3   
 NA's   :155628   NA's   :155628   NA's   :155628   NA's   :155628  
 Tavg.X09.prev    Tavg.X10.prev    Tavg.X11.prev    Tavg.X12.prev   
 Min.   :282.8    Min.   :276.6    Min.   :271.5    Min.   :263.8   
 1st Qu.:288.1    1st Qu.:282.2    1st Qu.:276.5    1st Qu.:271.2   
 Median :289.5    Median :283.7    Median :277.8    Median :273.1   
 Mean   :289.3    Mean   :283.5    Mean   :277.8    Mean   :272.9   
 3rd Qu.:290.7    3rd Qu.:285.0    3rd Qu.:279.1    3rd Qu.:274.8   
 Max.   :294.2    Max.   :288.6    Max.   :283.7    Max.   :279.9   
 NA's   :155628   NA's   :155628   NA's   :155628   NA's   :155628  
   Precip.X01       Precip.X02       Precip.X03       Precip.X04    
 Min.   :  9.06   Min.   :  7.21   Min.   :  0.15   Min.   : 14.74  
 1st Qu.: 56.47   1st Qu.: 49.54   1st Qu.: 70.19   1st Qu.: 61.82  
 Median : 77.95   Median : 71.53   Median : 95.96   Median : 87.82  
 Mean   : 83.89   Mean   : 75.98   Mean   : 99.47   Mean   : 91.25  
 3rd Qu.:102.79   3rd Qu.: 97.05   3rd Qu.:122.77   3rd Qu.:113.90  
 Max.   :276.20   Max.   :209.15   Max.   :272.97   Max.   :238.54  
 NA's   :154440   NA's   :154440   NA's   :154440   NA's   :154440  
   Precip.X05       Precip.X06       Precip.X07       Precip.X08    
 Min.   : 19.83   Min.   : 14.62   Min.   : 27.43   Min.   : 21.48  
 1st Qu.: 74.09   1st Qu.: 74.26   1st Qu.: 89.65   1st Qu.: 68.85  
 Median :104.65   Median :100.85   Median :112.71   Median : 95.89  
 Mean   :106.44   Mean   :107.63   Mean   :119.43   Mean   :105.77  
 3rd Qu.:135.01   3rd Qu.:131.03   3rd Qu.:142.94   3rd Qu.:129.40  
 Max.   :266.04   Max.   :296.69   Max.   :423.43   Max.   :421.09  
 NA's   :154440   NA's   :154440   NA's   :154440   NA's   :154440  
   Precip.X09       Precip.X10       Precip.X11       Precip.X12    
 Min.   :  2.37   Min.   :  1.06   Min.   :  9.25   Min.   :  2.49  
 1st Qu.: 52.19   1st Qu.: 44.08   1st Qu.: 45.03   1st Qu.: 56.20  
 Median : 79.54   Median : 73.11   Median : 71.98   Median : 75.57  
 Mean   : 90.54   Mean   : 82.99   Mean   : 76.45   Mean   : 82.37  
 3rd Qu.:117.18   3rd Qu.:114.42   3rd Qu.:100.25   3rd Qu.:103.91  
 Max.   :324.42   Max.   :319.10   Max.   :354.36   Max.   :252.11  
 NA's   :154440   NA's   :154440   NA's   :154440   NA's   :154440  
 Precip.X01.prev  Precip.X02.prev  Precip.X03.prev  Precip.X04.prev 
 Min.   :  9.06   Min.   :  7.21   Min.   :  0.15   Min.   : 14.74  
 1st Qu.: 56.43   1st Qu.: 49.65   1st Qu.: 70.01   1st Qu.: 62.00  
 Median : 77.95   Median : 71.83   Median : 95.76   Median : 87.89  
 Mean   : 83.96   Mean   : 76.17   Mean   : 99.26   Mean   : 91.32  
 3rd Qu.:103.33   3rd Qu.: 97.59   3rd Qu.:122.69   3rd Qu.:114.66  
 Max.   :276.20   Max.   :209.15   Max.   :272.97   Max.   :238.54  
 NA's   :155628   NA's   :155628   NA's   :155628   NA's   :155628  
 Precip.X05.prev  Precip.X06.prev  Precip.X07.prev  Precip.X08.prev 
 Min.   : 19.83   Min.   : 14.62   Min.   : 27.43   Min.   : 21.48  
 1st Qu.: 73.88   1st Qu.: 74.67   1st Qu.: 89.53   1st Qu.: 68.67  
 Median :104.37   Median :101.25   Median :112.71   Median : 95.82  
 Mean   :106.28   Mean   :108.04   Mean   :119.47   Mean   :105.70  
 3rd Qu.:134.94   3rd Qu.:131.58   3rd Qu.:143.14   3rd Qu.:129.38  
 Max.   :266.04   Max.   :296.69   Max.   :423.43   Max.   :421.09  
 NA's   :155628   NA's   :155628   NA's   :155628   NA's   :155628  
 Precip.X09.prev  Precip.X10.prev  Precip.X11.prev  Precip.X12.prev 
 Min.   :  2.37   Min.   :  1.06   Min.   :  9.25   Min.   :  2.49  
 1st Qu.: 51.94   1st Qu.: 43.92   1st Qu.: 45.68   1st Qu.: 56.30  
 Median : 79.03   Median : 73.60   Median : 72.17   Median : 76.78  
 Mean   : 90.18   Mean   : 83.27   Mean   : 76.91   Mean   : 82.60  
 3rd Qu.:115.57   3rd Qu.:114.60   3rd Qu.:100.41   3rd Qu.:104.91  
 Max.   :324.42   Max.   :319.10   Max.   :354.36   Max.   :252.11  
 NA's   :155628   NA's   :155628   NA's   :155628   NA's   :155628  
  BA.tree.cm2     
 Min.   :   0.00  
 1st Qu.:   0.00  
 Median :   0.00  
 Mean   :  61.06  
 3rd Qu.:  20.07  
 Max.   :4621.77  
 NA's   :1047     
> dim(all.data)
[1] 288684     90
> 
> #############
> # Subsetting just ACRU data
> acru.all <- all.data[all.data$Spp=="ACRU", ]
> summary(acru.all)
      Year          PlotID          TreeID       Site       Trans    
 Min.   :1771   BLDB2  : 4374   BLDA418:  243   BLD:15066   A:14094  
 1st Qu.:1831   BLDB1  : 3645   BLDA423:  243   FLT: 5346   B:33048  
 Median :1892   HIKB4  : 3159   BLDB101:  243   HIK:18468   C:24057  
 Mean   :1892   HNKB1  : 3159   BLDB105:  243   HNK: 8505            
 3rd Qu.:1953   MORC1  : 3159   BLDB106:  243   IRN:12150            
 Max.   :2013   HIKB3  : 2916   BLDB109:  243   MOR:11664            
                (Other):50787   (Other):69741                        
      Plot            BAI               CoreID      Pith         Pith.Yr     
 Min.   :1.000   Min.   :   0.0   BLDA418HI:  243   N:48600   Min.   :1898   
 1st Qu.:1.000   1st Qu.:  50.1   BLDA423HI:  243   Y:22599   1st Qu.:1918   
 Median :2.000   Median : 123.2   BLDB101HI:  243             Median :1937   
 Mean   :2.191   Mean   : 255.7   BLDB105HI:  243             Mean   :1939   
 3rd Qu.:3.000   3rd Qu.: 292.8   BLDB106HI:  243             3rd Qu.:1957   
 Max.   :4.000   Max.   :8051.9   BLDB109HI:  243             Max.   :1995   
                 NA's   :50724    (Other)  :69741             NA's   :13122  
     Inner          Outer      Bark      Use                       Notes      
 Min.   :1899   Min.   :1990   N: 1944   N:  729   poor corr w/ master:  729  
 1st Qu.:1923   1st Qu.:2012   Y:69255   Y:70470   1977 missing       :  486  
 Median :1940   Median :2012                       2011, 2003 missing :  486  
 Mean   :1943   Mean   :2012                       B side dated       :  486  
 3rd Qu.:1959   3rd Qu.:2012                       1931 missing       :  243  
 Max.   :1996   Max.   :2013                       (Other)            : 3159  
                                                   NA's               :65610  
  Pith.offset          Tree            Spp             Genus       Canopy   
 Min.   : 1.000   Min.   : 1.00   ACRU   :71199   Acer    :71199   C:29646  
 1st Qu.: 1.000   1st Qu.:10.00   ACSA   :    0   Betula  :    0   D:    0  
 Median : 2.000   Median :20.00   BELE   :    0   Carya   :    0   I:30375  
 Mean   : 2.632   Mean   :21.34   BEPA   :    0   Castanea:    0   U:11178  
 3rd Qu.: 3.000   3rd Qu.:29.00   CADE   :    0   Cornus  :    0            
 Max.   :10.000   Max.   :84.00   CAGL   :    0   Juglans :    0            
 NA's   :13122                    (Other):    0   (Other) :    0            
   Live            Age            BA.m2ha          BAI.filled     
 DEAD:    0   Min.   :  0.00   Min.   :0.00000   Min.   :   0.00  
 LIVE:71199   1st Qu.: 18.00   1st Qu.:0.00000   1st Qu.:   0.00  
              Median : 37.00   Median :0.00000   Median :   0.00  
              Mean   : 39.81   Mean   :0.07019   Mean   :  77.42  
              3rd Qu.: 59.00   3rd Qu.:0.02599   3rd Qu.:  35.37  
              Max.   :122.00   Max.   :4.30178   Max.   :8051.91  
              NA's   :49432    NA's   :276       NA's   :271      
    BA.tree             Stems          Density.Ha     BAI.filled.plot   
 Min.   :     0.0   Min.   :0.0000   Min.   : 0.000   Min.   :    0.00  
 1st Qu.:     0.0   1st Qu.:0.0000   1st Qu.: 0.000   1st Qu.:    0.43  
 Median :     0.0   Median :0.0000   Median : 0.000   Median : 1201.23  
 Mean   :  2451.3   Mean   :0.2996   Mean   : 8.931   Mean   : 4011.40  
 3rd Qu.:   872.6   3rd Qu.:1.0000   3rd Qu.:22.105   3rd Qu.: 6146.53  
 Max.   :135148.7   Max.   :1.0000   Max.   :49.736   Max.   :38677.40  
 NA's   :276                                          NA's   :660       
    BA.plot         BA.m2ha.plot     Density.ha.plot     Stems.plot    
 Min.   :    0.0   Min.   : 0.0000   Min.   :   0.00   Min.   : 0.000  
 1st Qu.:    0.0   1st Qu.: 0.0000   1st Qu.:  14.15   1st Qu.: 1.000  
 Median :  891.2   Median : 0.3599   Median :  88.42   Median : 3.000  
 Mean   : 2265.8   Mean   : 3.5121   Mean   : 273.71   Mean   : 9.231  
 3rd Qu.: 3156.2   3rd Qu.: 4.5001   3rd Qu.: 481.00   3rd Qu.:18.000  
 Max.   :23212.2   Max.   :35.7168   Max.   :1432.39   Max.   :45.000  
 NA's   :660       NA's   :660       NA's   :660       NA's   :660     
 BAI.m2ha.plot    BA.m2ha.plot.live     RelBA         Site.Trans   
 Min.   :0.0000   Min.   : 0.000    Min.   :0.00    BLDB   :10449  
 1st Qu.:0.0000   1st Qu.: 0.000    1st Qu.:0.02    HIKB   : 7533  
 Median :0.0366   Median : 1.321    Median :0.06    HIKC   : 7047  
 Mean   :0.1148   Mean   : 5.403    Mean   :0.13    MORC   : 5832  
 3rd Qu.:0.1870   3rd Qu.: 7.263    3rd Qu.:0.16    IRNC   : 5589  
 Max.   :1.0485   Max.   :57.620    Max.   :1.00    IRNB   : 5103  
 NA's   :660      NA's   :271       NA's   :50889   (Other):29646  
    Latitude       Longitude           elev             flow      
 Min.   :36.75   Min.   :-81.31   Min.   : 666.9   Min.   :0.01   
 1st Qu.:37.72   1st Qu.:-80.11   1st Qu.: 834.4   1st Qu.:0.01   
 Median :37.92   Median :-79.84   Median : 941.8   Median :0.03   
 Mean   :37.85   Mean   :-79.96   Mean   : 933.0   Mean   :0.10   
 3rd Qu.:38.57   3rd Qu.:-79.17   3rd Qu.:1022.4   3rd Qu.:0.08   
 Max.   :38.58   Max.   :-79.15   Max.   :1251.0   Max.   :1.42   
 NA's   :38090   NA's   :38090    NA's   :38090    NA's   :38090  
      TPI           Tavg.X01        Tavg.X02        Tavg.X03    
 Min.   :-0.23   Min.   :260.1   Min.   :262.9   Min.   :264.5  
 1st Qu.:-0.11   1st Qu.:269.3   1st Qu.:270.3   1st Qu.:274.7  
 Median :-0.05   Median :271.4   Median :272.6   Median :276.8  
 Mean   : 0.00   Mean   :271.3   Mean   :272.3   Mean   :276.6  
 3rd Qu.: 0.17   3rd Qu.:273.4   3rd Qu.:274.3   3rd Qu.:278.7  
 Max.   : 0.30   Max.   :280.3   Max.   :278.5   Max.   :284.8  
 NA's   :38090   NA's   :38090   NA's   :38090   NA's   :38090  
    Tavg.X04        Tavg.X05        Tavg.X06        Tavg.X07    
 Min.   :274.6   Min.   :279.8   Min.   :284.9   Min.   :287.3  
 1st Qu.:280.5   1st Qu.:285.7   1st Qu.:289.9   1st Qu.:292.1  
 Median :282.2   Median :287.3   Median :291.2   Median :293.2  
 Mean   :282.1   Mean   :287.1   Mean   :291.0   Mean   :293.0  
 3rd Qu.:283.7   3rd Qu.:288.7   3rd Qu.:292.3   3rd Qu.:294.1  
 Max.   :287.3   Max.   :292.0   Max.   :295.9   Max.   :296.8  
 NA's   :38090   NA's   :38090   NA's   :38090   NA's   :38090  
    Tavg.X08        Tavg.X09        Tavg.X10        Tavg.X11    
 Min.   :285.8   Min.   :282.8   Min.   :276.6   Min.   :271.5  
 1st Qu.:291.3   1st Qu.:288.0   1st Qu.:282.2   1st Qu.:276.6  
 Median :292.6   Median :289.3   Median :283.6   Median :277.9  
 Mean   :292.4   Mean   :289.2   Mean   :283.5   Mean   :277.9  
 3rd Qu.:293.6   3rd Qu.:290.6   3rd Qu.:284.9   3rd Qu.:279.2  
 Max.   :297.0   Max.   :294.0   Max.   :288.6   Max.   :283.7  
 NA's   :38090   NA's   :38090   NA's   :38090   NA's   :38090  
    Tavg.X12     Tavg.X01.prev   Tavg.X02.prev   Tavg.X03.prev  
 Min.   :263.8   Min.   :260.1   Min.   :262.9   Min.   :264.5  
 1st Qu.:271.3   1st Qu.:269.3   1st Qu.:270.3   1st Qu.:274.6  
 Median :273.2   Median :271.3   Median :272.5   Median :276.7  
 Mean   :273.1   Mean   :271.3   Mean   :272.2   Mean   :276.6  
 3rd Qu.:274.9   3rd Qu.:273.4   3rd Qu.:274.3   3rd Qu.:278.7  
 Max.   :279.7   Max.   :280.3   Max.   :278.5   Max.   :284.8  
 NA's   :38090   NA's   :38383   NA's   :38383   NA's   :38383  
 Tavg.X04.prev   Tavg.X05.prev   Tavg.X06.prev   Tavg.X07.prev  
 Min.   :274.6   Min.   :279.8   Min.   :284.9   Min.   :287.3  
 1st Qu.:280.5   1st Qu.:285.7   1st Qu.:289.9   1st Qu.:292.1  
 Median :282.2   Median :287.3   Median :291.2   Median :293.2  
 Mean   :282.0   Mean   :287.1   Mean   :291.0   Mean   :293.0  
 3rd Qu.:283.7   3rd Qu.:288.6   3rd Qu.:292.3   3rd Qu.:294.1  
 Max.   :287.3   Max.   :292.0   Max.   :295.9   Max.   :296.8  
 NA's   :38383   NA's   :38383   NA's   :38383   NA's   :38383  
 Tavg.X08.prev   Tavg.X09.prev   Tavg.X10.prev   Tavg.X11.prev  
 Min.   :285.8   Min.   :282.8   Min.   :276.6   Min.   :271.5  
 1st Qu.:291.3   1st Qu.:288.0   1st Qu.:282.2   1st Qu.:276.6  
 Median :292.6   Median :289.4   Median :283.6   Median :277.9  
 Mean   :292.4   Mean   :289.2   Mean   :283.5   Mean   :277.9  
 3rd Qu.:293.6   3rd Qu.:290.6   3rd Qu.:285.0   3rd Qu.:279.2  
 Max.   :297.0   Max.   :294.0   Max.   :288.6   Max.   :283.7  
 NA's   :38383   NA's   :38383   NA's   :38383   NA's   :38383  
 Tavg.X12.prev     Precip.X01       Precip.X02       Precip.X03    
 Min.   :263.8   Min.   :  9.06   Min.   :  7.21   Min.   :  0.15  
 1st Qu.:271.3   1st Qu.: 56.38   1st Qu.: 48.91   1st Qu.: 70.04  
 Median :273.2   Median : 77.35   Median : 70.54   Median : 95.59  
 Mean   :273.1   Mean   : 83.41   Mean   : 74.74   Mean   : 98.65  
 3rd Qu.:274.9   3rd Qu.:102.69   3rd Qu.: 96.26   3rd Qu.:122.16  
 Max.   :279.7   Max.   :276.20   Max.   :209.15   Max.   :272.97  
 NA's   :38383   NA's   :38090    NA's   :38090    NA's   :38090   
   Precip.X04       Precip.X05       Precip.X06       Precip.X07    
 Min.   : 14.74   Min.   : 19.83   Min.   : 14.62   Min.   : 27.43  
 1st Qu.: 61.24   1st Qu.: 74.14   1st Qu.: 74.18   1st Qu.: 88.75  
 Median : 87.50   Median :104.37   Median :100.26   Median :110.93  
 Mean   : 90.70   Mean   :106.17   Mean   :107.21   Mean   :118.09  
 3rd Qu.:113.54   3rd Qu.:134.59   3rd Qu.:130.97   3rd Qu.:141.16  
 Max.   :238.54   Max.   :266.04   Max.   :296.69   Max.   :423.43  
 NA's   :38090    NA's   :38090    NA's   :38090    NA's   :38090   
   Precip.X08       Precip.X09       Precip.X10       Precip.X11    
 Min.   : 21.48   Min.   :  2.37   Min.   :  1.06   Min.   :  9.25  
 1st Qu.: 69.13   1st Qu.: 51.94   1st Qu.: 43.59   1st Qu.: 44.70  
 Median : 95.82   Median : 77.88   Median : 72.50   Median : 72.19  
 Mean   :105.58   Mean   : 90.40   Mean   : 82.86   Mean   : 76.43  
 3rd Qu.:129.90   3rd Qu.:117.03   3rd Qu.:114.42   3rd Qu.: 99.76  
 Max.   :421.09   Max.   :324.42   Max.   :319.10   Max.   :354.36  
 NA's   :38090    NA's   :38090    NA's   :38090    NA's   :38090   
   Precip.X12     Precip.X01.prev  Precip.X02.prev  Precip.X03.prev 
 Min.   :  3.96   Min.   :  9.06   Min.   :  7.21   Min.   :  0.15  
 1st Qu.: 55.97   1st Qu.: 56.32   1st Qu.: 49.06   1st Qu.: 69.63  
 Median : 75.10   Median : 77.35   Median : 70.72   Median : 94.92  
 Mean   : 81.61   Mean   : 83.49   Mean   : 74.96   Mean   : 98.44  
 3rd Qu.:102.58   3rd Qu.:102.79   3rd Qu.: 96.34   3rd Qu.:121.69  
 Max.   :252.11   Max.   :276.20   Max.   :209.15   Max.   :272.97  
 NA's   :38090    NA's   :38383    NA's   :38383    NA's   :38383   
 Precip.X04.prev  Precip.X05.prev  Precip.X06.prev  Precip.X07.prev 
 Min.   : 14.74   Min.   : 19.83   Min.   : 14.62   Min.   : 27.43  
 1st Qu.: 61.31   1st Qu.: 73.97   1st Qu.: 74.38   1st Qu.: 88.56  
 Median : 87.52   Median :104.25   Median :100.33   Median :110.93  
 Mean   : 90.80   Mean   :106.01   Mean   :107.59   Mean   :118.12  
 3rd Qu.:113.74   3rd Qu.:134.53   3rd Qu.:131.03   3rd Qu.:141.49  
 Max.   :238.54   Max.   :266.04   Max.   :296.69   Max.   :423.43  
 NA's   :38383    NA's   :38383    NA's   :38383    NA's   :38383   
 Precip.X08.prev  Precip.X09.prev  Precip.X10.prev  Precip.X11.prev 
 Min.   : 21.48   Min.   :  2.37   Min.   :  1.06   Min.   :  9.25  
 1st Qu.: 69.10   1st Qu.: 51.71   1st Qu.: 43.23   1st Qu.: 45.31  
 Median : 95.08   Median : 77.43   Median : 73.32   Median : 72.54  
 Mean   :105.48   Mean   : 90.03   Mean   : 83.13   Mean   : 76.87  
 3rd Qu.:129.38   3rd Qu.:114.73   3rd Qu.:114.69   3rd Qu.: 99.81  
 Max.   :421.09   Max.   :324.42   Max.   :319.10   Max.   :354.36  
 NA's   :38383    NA's   :38383    NA's   :38383    NA's   :38383   
 Precip.X12.prev   BA.tree.cm2      
 Min.   :  3.96   Min.   :   0.000  
 1st Qu.: 55.97   1st Qu.:   0.000  
 Median : 75.44   Median :   0.000  
 Mean   : 81.84   Mean   :  24.513  
 3rd Qu.:102.92   3rd Qu.:   8.726  
 Max.   :252.11   Max.   :1351.487  
 NA's   :38383    NA's   :276       
> dim(acru.all)
[1] 71199    90
> 
> # Subsetting only complete cases & a small range of years
> acru.run <- acru.all[complete.cases(acru.all) & acru.all$Year>=1990 & acru.all$Year<=2011,]
> summary(acru.run)
      Year          PlotID       TreeID     Site     Trans        Plot      
 Min.   :1990   HIKC4  :88   HIKA220: 22   BLD:  0   A: 44   Min.   :1.000  
 1st Qu.:1995   HIKB4  :64   HIKB321: 22   FLT:  0   B:174   1st Qu.:2.000  
 Median :2000   HIKB3  :44   HIKB333: 22   HIK:240   C:154   Median :3.000  
 Mean   :2000   MORB2  :44   HIKB409: 22   HNK: 66           Mean   :2.995  
 3rd Qu.:2006   HIKA2  :22   HIKB413: 22   IRN:  0           3rd Qu.:4.000  
 Max.   :2011   HIKC3  :22   HIKC313: 22   MOR: 66           Max.   :4.000  
                (Other):88   (Other):240                                    
      BAI                CoreID    Pith       Pith.Yr         Inner     
 Min.   :   3.79   HIKA220HI: 22   N:240   Min.   :1910   Min.   :1911  
 1st Qu.:  33.36   HIKB321HI: 22   Y:132   1st Qu.:1928   1st Qu.:1931  
 Median :  66.93   HIKB333HI: 22           Median :1945   Median :1946  
 Mean   : 168.88   HIKB409HI: 22           Mean   :1947   Mean   :1950  
 3rd Qu.: 226.54   HIKB413HI: 22           3rd Qu.:1971   3rd Qu.:1973  
 Max.   :1227.60   HIKC313HI: 22           Max.   :1976   Max.   :1977  
                   (Other)  :240                                        
     Outer      Bark    Use                     Notes      Pith.offset   
 Min.   :2008   N: 66   N: 64   poor corr w/ master: 64   Min.   :1.000  
 1st Qu.:2012   Y:306   Y:308   2011, 2003 missing : 44   1st Qu.:1.000  
 Median :2012                   B side dated       : 44   Median :2.000  
 Mean   :2012                   1931 missing       : 22   Mean   :2.704  
 3rd Qu.:2012                   1977 missing       : 22   3rd Qu.:3.000  
 Max.   :2012                   1986 missing       : 22   Max.   :6.000  
                                (Other)            :154                  
      Tree           Spp           Genus     Canopy    Live    
 Min.   : 3.0   ACRU   :372   Acer    :372   C: 66   DEAD:  0  
 1st Qu.:12.0   ACSA   :  0   Betula  :  0   D:  0   LIVE:372  
 Median :17.0   BELE   :  0   Carya   :  0   I:176             
 Mean   :18.7   BEPA   :  0   Castanea:  0   U:130             
 3rd Qu.:21.0   CADE   :  0   Cornus  :  0                     
 Max.   :43.0   CAGL   :  0   Juglans :  0                     
                (Other):  0   (Other) :  0                     
      Age            BA.m2ha          BAI.filled         BA.tree        
 Min.   : 14.00   Min.   :0.02517   Min.   :   3.79   Min.   :   790.8  
 1st Qu.: 31.00   1st Qu.:0.08389   1st Qu.:  33.36   1st Qu.:  2558.2  
 Median : 54.50   Median :0.10382   Median :  66.93   Median :  3328.3  
 Mean   : 53.47   Mean   :0.27640   Mean   : 168.88   Mean   : 11389.6  
 3rd Qu.: 75.00   3rd Qu.:0.29454   3rd Qu.: 226.54   3rd Qu.: 10258.9  
 Max.   :101.00   Max.   :2.01256   Max.   :1227.60   Max.   :106880.5  
                                                                        
     Stems     Density.Ha    BAI.filled.plot    BA.plot       BA.m2ha.plot   
 Min.   :1   Min.   :18.83   Min.   : 4746   Min.   : 3848   Min.   : 7.291  
 1st Qu.:1   1st Qu.:31.83   1st Qu.:11309   1st Qu.: 7434   1st Qu.:10.596  
 Median :1   Median :31.83   Median :14623   Median : 9491   Median :14.734  
 Mean   :1   Mean   :30.97   Mean   :16014   Mean   : 9760   Mean   :14.942  
 3rd Qu.:1   3rd Qu.:31.83   3rd Qu.:20816   3rd Qu.:11945   3rd Qu.:18.980  
 Max.   :1   Max.   :49.74   Max.   :35507   Max.   :17348   Max.   :27.329  
                                                                             
 Density.ha.plot    Stems.plot    BAI.m2ha.plot    BA.m2ha.plot.live
 Min.   : 442.1   Min.   :20.00   Min.   :0.2237   Min.   : 9.423   
 1st Qu.: 732.1   1st Qu.:23.00   1st Qu.:0.3259   1st Qu.:17.057   
 Median : 891.3   Median :28.00   Median :0.4500   Median :20.615   
 Mean   : 923.2   Mean   :29.83   Mean   :0.4737   Mean   :20.891   
 3rd Qu.:1094.2   3rd Qu.:34.00   3rd Qu.:0.6097   3rd Qu.:24.852   
 Max.   :1305.1   Max.   :41.00   Max.   :1.0485   Max.   :36.352   
                                                                    
     RelBA            Site.Trans     Latitude       Longitude     
 Min.   :0.007068   HIKC   :110   Min.   :37.72   Min.   :-80.11  
 1st Qu.:0.019302   HIKB   :108   1st Qu.:38.32   1st Qu.:-79.22  
 Median :0.031049   MORB   : 44   Median :38.57   Median :-79.16  
 Mean   :0.122781   HIKA   : 22   Mean   :38.38   Mean   :-79.34  
 3rd Qu.:0.245713   HNKA   : 22   3rd Qu.:38.57   3rd Qu.:-79.15  
 Max.   :0.499999   HNKB   : 22   Max.   :38.57   Max.   :-79.15  
                    (Other): 44                                   
      elev             flow               TPI              Tavg.X01    
 Min.   : 666.9   Min.   :0.006178   Min.   :-0.21457   Min.   :265.1  
 1st Qu.: 812.2   1st Qu.:0.014916   1st Qu.:-0.11032   1st Qu.:270.1  
 Median : 823.7   Median :0.094803   Median :-0.10876   Median :271.9  
 Mean   : 847.6   Mean   :0.157775   Mean   : 0.03387   Mean   :272.0  
 3rd Qu.: 926.1   3rd Qu.:0.097767   3rd Qu.: 0.23851   3rd Qu.:274.0  
 Max.   :1097.5   Max.   :1.240813   Max.   : 0.28718   Max.   :277.1  
                                                                       
    Tavg.X02        Tavg.X03        Tavg.X04        Tavg.X05    
 Min.   :265.8   Min.   :271.0   Min.   :278.1   Min.   :282.9  
 1st Qu.:271.6   1st Qu.:275.2   1st Qu.:281.1   1st Qu.:285.6  
 Median :273.4   Median :276.8   Median :282.2   Median :286.8  
 Mean   :273.2   Mean   :276.8   Mean   :282.3   Mean   :286.9  
 3rd Qu.:275.3   3rd Qu.:278.5   3rd Qu.:283.5   3rd Qu.:288.2  
 Max.   :278.4   Max.   :281.2   Max.   :285.9   Max.   :291.3  
                                                                
    Tavg.X06        Tavg.X07        Tavg.X08        Tavg.X09    
 Min.   :288.3   Min.   :290.0   Min.   :289.9   Min.   :286.5  
 1st Qu.:290.5   1st Qu.:292.3   1st Qu.:292.0   1st Qu.:288.1  
 Median :291.2   Median :293.2   Median :292.8   Median :289.0  
 Mean   :291.3   Mean   :293.2   Mean   :292.8   Mean   :289.1  
 3rd Qu.:292.2   3rd Qu.:294.2   3rd Qu.:293.7   3rd Qu.:290.1  
 Max.   :294.5   Max.   :295.9   Max.   :295.6   Max.   :292.6  
                                                                
    Tavg.X10        Tavg.X11        Tavg.X12     Tavg.X01.prev  
 Min.   :280.3   Min.   :273.8   Min.   :266.9   Min.   :265.1  
 1st Qu.:282.4   1st Qu.:277.0   1st Qu.:272.2   1st Qu.:270.4  
 Median :283.6   Median :278.6   Median :274.0   Median :272.3  
 Mean   :283.5   Mean   :278.6   Mean   :273.9   Mean   :272.3  
 3rd Qu.:284.3   3rd Qu.:280.4   3rd Qu.:276.2   3rd Qu.:274.2  
 Max.   :287.9   Max.   :282.1   Max.   :277.8   Max.   :277.1  
                                                                
 Tavg.X02.prev   Tavg.X03.prev   Tavg.X04.prev   Tavg.X05.prev  
 Min.   :265.8   Min.   :271.0   Min.   :278.1   Min.   :282.9  
 1st Qu.:271.6   1st Qu.:275.2   1st Qu.:281.0   1st Qu.:285.4  
 Median :273.3   Median :276.9   Median :282.1   Median :286.7  
 Mean   :273.2   Mean   :276.8   Mean   :282.2   Mean   :286.8  
 3rd Qu.:275.2   3rd Qu.:278.6   3rd Qu.:283.4   3rd Qu.:288.1  
 Max.   :278.4   Max.   :281.2   Max.   :285.9   Max.   :291.3  
                                                                
 Tavg.X06.prev   Tavg.X07.prev   Tavg.X08.prev   Tavg.X09.prev  
 Min.   :288.3   Min.   :290.0   Min.   :289.9   Min.   :286.5  
 1st Qu.:290.5   1st Qu.:292.3   1st Qu.:291.8   1st Qu.:288.1  
 Median :291.2   Median :293.1   Median :292.8   Median :289.0  
 Mean   :291.3   Mean   :293.2   Mean   :292.7   Mean   :289.1  
 3rd Qu.:292.2   3rd Qu.:294.1   3rd Qu.:293.7   3rd Qu.:290.1  
 Max.   :294.5   Max.   :295.9   Max.   :295.6   Max.   :292.6  
                                                                
 Tavg.X10.prev   Tavg.X11.prev   Tavg.X12.prev     Precip.X01    
 Min.   :280.3   Min.   :273.8   Min.   :265.4   Min.   : 22.35  
 1st Qu.:282.4   1st Qu.:276.9   1st Qu.:271.7   1st Qu.: 50.50  
 Median :283.6   Median :278.5   Median :273.9   Median : 60.25  
 Mean   :283.5   Mean   :278.5   Mean   :273.5   Mean   : 77.43  
 3rd Qu.:284.3   3rd Qu.:280.3   3rd Qu.:275.9   3rd Qu.:101.41  
 Max.   :287.9   Max.   :282.1   Max.   :277.8   Max.   :201.88  
                                                                 
   Precip.X02       Precip.X03       Precip.X04       Precip.X05    
 Min.   : 13.73   Min.   : 23.73   Min.   : 21.37   Min.   : 38.75  
 1st Qu.: 39.10   1st Qu.: 75.58   1st Qu.: 57.34   1st Qu.: 67.53  
 Median : 56.68   Median : 95.59   Median : 89.49   Median :106.73  
 Mean   : 61.36   Mean   : 98.17   Mean   : 89.83   Mean   :109.27  
 3rd Qu.: 69.27   3rd Qu.:119.74   3rd Qu.:113.31   3rd Qu.:139.25  
 Max.   :167.50   Max.   :197.24   Max.   :198.22   Max.   :240.60  
                                                                    
   Precip.X06       Precip.X07      Precip.X08       Precip.X09    
 Min.   : 25.00   Min.   : 30.3   Min.   : 33.46   Min.   :  3.68  
 1st Qu.: 52.77   1st Qu.: 82.5   1st Qu.: 73.57   1st Qu.: 50.26  
 Median : 88.87   Median :107.2   Median : 89.91   Median : 75.81  
 Mean   : 95.27   Mean   :107.2   Mean   : 92.53   Mean   :100.52  
 3rd Qu.:125.45   3rd Qu.:123.7   3rd Qu.:108.89   3rd Qu.:137.26  
 Max.   :235.52   Max.   :213.7   Max.   :164.82   Max.   :324.42  
                                                                   
   Precip.X10       Precip.X11       Precip.X12     Precip.X01.prev 
 Min.   :  2.71   Min.   : 10.18   Min.   : 32.42   Min.   : 28.39  
 1st Qu.: 32.38   1st Qu.: 54.37   1st Qu.: 56.27   1st Qu.: 51.92  
 Median : 56.60   Median : 83.11   Median : 78.97   Median : 60.42  
 Mean   : 65.92   Mean   : 78.53   Mean   : 81.52   Mean   : 78.95  
 3rd Qu.: 90.41   3rd Qu.:104.18   3rd Qu.: 98.51   3rd Qu.:101.41  
 Max.   :206.42   Max.   :140.44   Max.   :180.21   Max.   :201.88  
                                                                    
 Precip.X02.prev  Precip.X03.prev  Precip.X04.prev  Precip.X05.prev 
 Min.   : 13.73   Min.   : 23.73   Min.   : 21.37   Min.   : 38.75  
 1st Qu.: 39.86   1st Qu.: 75.58   1st Qu.: 57.34   1st Qu.: 67.53  
 Median : 56.80   Median : 94.75   Median : 89.49   Median :106.73  
 Mean   : 61.80   Mean   : 97.01   Mean   : 85.97   Mean   :108.95  
 3rd Qu.: 69.27   3rd Qu.:113.50   3rd Qu.:109.68   3rd Qu.:140.03  
 Max.   :167.50   Max.   :197.24   Max.   :142.73   Max.   :240.60  
                                                                    
 Precip.X06.prev  Precip.X07.prev  Precip.X08.prev  Precip.X09.prev 
 Min.   : 25.00   Min.   : 30.30   Min.   : 33.46   Min.   :  3.68  
 1st Qu.: 52.77   1st Qu.: 84.09   1st Qu.: 73.63   1st Qu.: 50.26  
 Median : 90.33   Median :107.45   Median : 89.91   Median : 75.81  
 Mean   : 98.35   Mean   :111.77   Mean   : 96.20   Mean   :100.09  
 3rd Qu.:143.87   3rd Qu.:137.67   3rd Qu.:110.90   3rd Qu.:134.46  
 Max.   :235.52   Max.   :213.67   Max.   :184.86   Max.   :324.42  
                                                                    
 Precip.X10.prev  Precip.X11.prev  Precip.X12.prev   BA.tree.cm2      
 Min.   :  2.71   Min.   : 10.18   Min.   : 32.42   Min.   :   7.908  
 1st Qu.: 32.38   1st Qu.: 54.37   1st Qu.: 55.06   1st Qu.:  25.582  
 Median : 56.60   Median : 76.21   Median : 74.47   Median :  33.283  
 Mean   : 67.14   Mean   : 78.00   Mean   : 79.30   Mean   : 113.896  
 3rd Qu.:105.44   3rd Qu.:104.18   3rd Qu.: 93.28   3rd Qu.: 102.589  
 Max.   :206.42   Max.   :140.44   Max.   :180.21   Max.   :1068.805  
                                                                      
> dim(acru.run)
[1] 372  90
> 
> #############
> # Vector with names of Months of the year
> months <- c("X01", "X02", "X03", "X04", "X05", "X06", "X07", "X08", "X09", "X10", "X11", "X12")
> 
> # Selecting which previous and current year months to include in model
> months.prev <- paste(months[6:12], "prev", sep=".") # Previous June through December
> months.curr <- paste(months[1:10], sep=".") # Current Junuary through October
> months.use <- c(months.prev, months.curr)
> 
> seasons <- c("pX06.pX08", "pX09.pX11", "pX12.X02", "X03.X05", "X06.X08", "X09.X11")
> seasons
[1] "pX06.pX08" "pX09.pX11" "pX12.X02"  "X03.X05"   "X06.X08"   "X09.X11"  
> 
> acru.run$Tavg.pX06.pX08 <- rowMeans(acru.run[,c("Tavg.X06.prev", "Tavg.X07.prev", "Tavg.X08.prev")])
> acru.run$Tavg.pX09.pX11 <- rowMeans(acru.run[,c("Tavg.X09.prev", "Tavg.X10.prev", "Tavg.X11.prev")])
> acru.run$Tavg.pX12.X02 <- rowMeans(acru.run[,c("Tavg.X12.prev", "Tavg.X01", "Tavg.X02")])
> acru.run$Tavg.X03.X05 <- rowMeans(acru.run[,c("Tavg.X03", "Tavg.X04", "Tavg.X05")])
> acru.run$Tavg.X06.X08 <- rowMeans(acru.run[,c("Tavg.X06", "Tavg.X07", "Tavg.X08")])
> acru.run$Tavg.X09.X11 <- rowMeans(acru.run[,c("Tavg.X09", "Tavg.X10", "Tavg.X11")])
> 
> acru.run$Precip.pX06.pX08 <- rowMeans(acru.run[,c("Precip.X06.prev", "Precip.X07.prev", "Precip.X08.prev")])
> acru.run$Precip.pX09.pX11 <- rowMeans(acru.run[,c("Precip.X09.prev", "Precip.X10.prev", "Precip.X11.prev")])
> acru.run$Precip.pX12.X02 <- rowMeans(acru.run[,c("Precip.X12.prev", "Precip.X01", "Precip.X02")])
> acru.run$Precip.X03.X05 <- rowMeans(acru.run[,c("Precip.X03", "Precip.X04", "Precip.X05")])
> acru.run$Precip.X06.X08 <- rowMeans(acru.run[,c("Precip.X06", "Precip.X07", "Precip.X08")])
> acru.run$Precip.X09.X11 <- rowMeans(acru.run[,c("Precip.X09", "Precip.X10", "Precip.X11")])
> 
> 
> # Making vectors with the column names of the temp & precip months of interest
> temp.col <- paste("Tavg", seasons, sep=".")
> precip.col <- paste("Precip", seasons, sep=".")
> 
> # Column numbers of temp & precip months of interest
> temp.col.ind <- which(names(acru.run) %in% c(temp.col))
> precip.col.ind <- which(names(acru.run) %in% c(precip.col))
> summary(acru.run[,temp.col.ind])
 Tavg.pX06.pX08  Tavg.pX09.pX11  Tavg.pX12.X02    Tavg.X03.X05  
 Min.   :290.2   Min.   :280.9   Min.   :267.8   Min.   :278.6  
 1st Qu.:291.6   1st Qu.:282.9   1st Qu.:271.6   1st Qu.:280.9  
 Median :292.3   Median :283.7   Median :273.2   Median :282.0  
 Mean   :292.4   Mean   :283.7   Mean   :272.9   Mean   :282.0  
 3rd Qu.:293.1   3rd Qu.:284.7   3rd Qu.:274.4   3rd Qu.:283.1  
 Max.   :295.0   Max.   :286.1   Max.   :276.3   Max.   :285.5  
  Tavg.X06.X08    Tavg.X09.X11  
 Min.   :290.2   Min.   :280.9  
 1st Qu.:291.6   1st Qu.:282.9  
 Median :292.4   Median :283.8  
 Mean   :292.4   Mean   :283.7  
 3rd Qu.:293.1   3rd Qu.:284.7  
 Max.   :295.0   Max.   :286.1  
> summary(acru.run[,precip.col.ind])
 Precip.pX06.pX08 Precip.pX09.pX11 Precip.pX12.X02  Precip.X03.X05  
 Min.   : 55.85   Min.   : 25.07   Min.   : 31.29   Min.   : 54.93  
 1st Qu.: 80.16   1st Qu.: 53.91   1st Qu.: 57.85   1st Qu.: 81.10  
 Median : 97.00   Median : 83.34   Median : 67.09   Median : 99.67  
 Mean   :102.11   Mean   : 81.74   Mean   : 72.69   Mean   : 99.09  
 3rd Qu.:119.64   3rd Qu.:100.27   3rd Qu.: 92.78   3rd Qu.:111.73  
 Max.   :167.41   Max.   :158.02   Max.   :118.57   Max.   :159.48  
 Precip.X06.X08   Precip.X09.X11  
 Min.   : 55.85   Min.   : 25.07  
 1st Qu.: 77.99   1st Qu.: 53.91  
 Median : 95.67   Median : 83.34  
 Mean   : 98.32   Mean   : 81.66  
 3rd Qu.:112.41   3rd Qu.:100.27  
 Max.   :159.91   Max.   :158.02  
> length(temp.col.ind)
[1] 6
> 
> # acru.run$Tavg.yr <- rowMeans(acru.run[,temp.col.ind])
> # acru.run$Precip.yr <- rowSums(acru.run[,precip.col.ind])
> 
> write.csv(acru.run, "Inputs/ACRU_AllSites_1990-2011.csv", row.names=F)
> 
> #############
> # Reading in Data
> acru.run <- read.csv("Inputs/ACRU_AllSites_1990-2011.csv")
> summary(acru.run)
      Year          PlotID       TreeID     Site     Trans        Plot      
 Min.   :1990   HIKC4  :88   HIKA220: 22   HIK:240   A: 44   Min.   :1.000  
 1st Qu.:1995   HIKB4  :64   HIKB321: 22   HNK: 66   B:174   1st Qu.:2.000  
 Median :2000   HIKB3  :44   HIKB333: 22   MOR: 66   C:154   Median :3.000  
 Mean   :2000   MORB2  :44   HIKB409: 22                     Mean   :2.995  
 3rd Qu.:2006   HIKA2  :22   HIKB413: 22                     3rd Qu.:4.000  
 Max.   :2011   HIKC3  :22   HIKC313: 22                     Max.   :4.000  
                (Other):88   (Other):240                                    
      BAI                CoreID    Pith       Pith.Yr         Inner     
 Min.   :   3.79   HIKA220HI: 22   N:240   Min.   :1910   Min.   :1911  
 1st Qu.:  33.36   HIKB321HI: 22   Y:132   1st Qu.:1928   1st Qu.:1931  
 Median :  66.93   HIKB333HI: 22           Median :1945   Median :1946  
 Mean   : 168.88   HIKB409HI: 22           Mean   :1947   Mean   :1950  
 3rd Qu.: 226.54   HIKB413HI: 22           3rd Qu.:1971   3rd Qu.:1973  
 Max.   :1227.60   HIKC313HI: 22           Max.   :1976   Max.   :1977  
                   (Other)  :240                                        
     Outer      Bark    Use                     Notes      Pith.offset   
 Min.   :2008   N: 66   N: 64   poor corr w/ master: 64   Min.   :1.000  
 1st Qu.:2012   Y:306   Y:308   2011, 2003 missing : 44   1st Qu.:1.000  
 Median :2012                   B side dated       : 44   Median :2.000  
 Mean   :2012                   1931 missing       : 22   Mean   :2.704  
 3rd Qu.:2012                   1977 missing       : 22   3rd Qu.:3.000  
 Max.   :2012                   1986 missing       : 22   Max.   :6.000  
                                (Other)            :154                  
      Tree        Spp       Genus     Canopy    Live          Age        
 Min.   : 3.0   ACRU:372   Acer:372   C: 66   LIVE:372   Min.   : 14.00  
 1st Qu.:12.0                         I:176              1st Qu.: 31.00  
 Median :17.0                         U:130              Median : 54.50  
 Mean   :18.7                                            Mean   : 53.47  
 3rd Qu.:21.0                                            3rd Qu.: 75.00  
 Max.   :43.0                                            Max.   :101.00  
                                                                         
    BA.m2ha          BAI.filled         BA.tree             Stems  
 Min.   :0.02517   Min.   :   3.79   Min.   :   790.8   Min.   :1  
 1st Qu.:0.08389   1st Qu.:  33.36   1st Qu.:  2558.2   1st Qu.:1  
 Median :0.10382   Median :  66.93   Median :  3328.3   Median :1  
 Mean   :0.27640   Mean   : 168.88   Mean   : 11389.6   Mean   :1  
 3rd Qu.:0.29454   3rd Qu.: 226.54   3rd Qu.: 10258.9   3rd Qu.:1  
 Max.   :2.01256   Max.   :1227.60   Max.   :106880.5   Max.   :1  
                                                                   
   Density.Ha    BAI.filled.plot    BA.plot       BA.m2ha.plot   
 Min.   :18.83   Min.   : 4746   Min.   : 3848   Min.   : 7.291  
 1st Qu.:31.83   1st Qu.:11309   1st Qu.: 7434   1st Qu.:10.596  
 Median :31.83   Median :14623   Median : 9491   Median :14.734  
 Mean   :30.97   Mean   :16014   Mean   : 9760   Mean   :14.942  
 3rd Qu.:31.83   3rd Qu.:20816   3rd Qu.:11945   3rd Qu.:18.980  
 Max.   :49.74   Max.   :35507   Max.   :17348   Max.   :27.329  
                                                                 
 Density.ha.plot    Stems.plot    BAI.m2ha.plot    BA.m2ha.plot.live
 Min.   : 442.1   Min.   :20.00   Min.   :0.2237   Min.   : 9.423   
 1st Qu.: 732.1   1st Qu.:23.00   1st Qu.:0.3259   1st Qu.:17.057   
 Median : 891.3   Median :28.00   Median :0.4500   Median :20.615   
 Mean   : 923.2   Mean   :29.83   Mean   :0.4737   Mean   :20.891   
 3rd Qu.:1094.2   3rd Qu.:34.00   3rd Qu.:0.6097   3rd Qu.:24.852   
 Max.   :1305.1   Max.   :41.00   Max.   :1.0485   Max.   :36.352   
                                                                    
     RelBA            Site.Trans     Latitude       Longitude     
 Min.   :0.007068   HIKC   :110   Min.   :37.72   Min.   :-80.11  
 1st Qu.:0.019302   HIKB   :108   1st Qu.:38.32   1st Qu.:-79.22  
 Median :0.031049   MORB   : 44   Median :38.57   Median :-79.16  
 Mean   :0.122781   HIKA   : 22   Mean   :38.38   Mean   :-79.34  
 3rd Qu.:0.245713   HNKA   : 22   3rd Qu.:38.57   3rd Qu.:-79.15  
 Max.   :0.499999   HNKB   : 22   Max.   :38.57   Max.   :-79.15  
                    (Other): 44                                   
      elev             flow               TPI              Tavg.X01    
 Min.   : 666.9   Min.   :0.006178   Min.   :-0.21457   Min.   :265.1  
 1st Qu.: 812.2   1st Qu.:0.014916   1st Qu.:-0.11032   1st Qu.:270.1  
 Median : 823.7   Median :0.094803   Median :-0.10876   Median :271.9  
 Mean   : 847.6   Mean   :0.157775   Mean   : 0.03387   Mean   :272.0  
 3rd Qu.: 926.1   3rd Qu.:0.097767   3rd Qu.: 0.23851   3rd Qu.:274.0  
 Max.   :1097.5   Max.   :1.240813   Max.   : 0.28718   Max.   :277.1  
                                                                       
    Tavg.X02        Tavg.X03        Tavg.X04        Tavg.X05    
 Min.   :265.8   Min.   :271.0   Min.   :278.1   Min.   :282.9  
 1st Qu.:271.6   1st Qu.:275.2   1st Qu.:281.1   1st Qu.:285.6  
 Median :273.4   Median :276.8   Median :282.2   Median :286.8  
 Mean   :273.2   Mean   :276.8   Mean   :282.3   Mean   :286.9  
 3rd Qu.:275.3   3rd Qu.:278.5   3rd Qu.:283.5   3rd Qu.:288.2  
 Max.   :278.4   Max.   :281.2   Max.   :285.9   Max.   :291.3  
                                                                
    Tavg.X06        Tavg.X07        Tavg.X08        Tavg.X09    
 Min.   :288.3   Min.   :290.0   Min.   :289.9   Min.   :286.5  
 1st Qu.:290.5   1st Qu.:292.3   1st Qu.:292.0   1st Qu.:288.1  
 Median :291.2   Median :293.2   Median :292.8   Median :289.0  
 Mean   :291.3   Mean   :293.2   Mean   :292.8   Mean   :289.1  
 3rd Qu.:292.2   3rd Qu.:294.2   3rd Qu.:293.7   3rd Qu.:290.1  
 Max.   :294.5   Max.   :295.9   Max.   :295.6   Max.   :292.6  
                                                                
    Tavg.X10        Tavg.X11        Tavg.X12     Tavg.X01.prev  
 Min.   :280.3   Min.   :273.8   Min.   :266.9   Min.   :265.1  
 1st Qu.:282.4   1st Qu.:277.0   1st Qu.:272.2   1st Qu.:270.4  
 Median :283.6   Median :278.6   Median :274.0   Median :272.3  
 Mean   :283.5   Mean   :278.6   Mean   :273.9   Mean   :272.3  
 3rd Qu.:284.3   3rd Qu.:280.4   3rd Qu.:276.2   3rd Qu.:274.2  
 Max.   :287.9   Max.   :282.1   Max.   :277.8   Max.   :277.1  
                                                                
 Tavg.X02.prev   Tavg.X03.prev   Tavg.X04.prev   Tavg.X05.prev  
 Min.   :265.8   Min.   :271.0   Min.   :278.1   Min.   :282.9  
 1st Qu.:271.6   1st Qu.:275.2   1st Qu.:281.0   1st Qu.:285.4  
 Median :273.3   Median :276.9   Median :282.1   Median :286.7  
 Mean   :273.2   Mean   :276.8   Mean   :282.2   Mean   :286.8  
 3rd Qu.:275.2   3rd Qu.:278.6   3rd Qu.:283.4   3rd Qu.:288.1  
 Max.   :278.4   Max.   :281.2   Max.   :285.9   Max.   :291.3  
                                                                
 Tavg.X06.prev   Tavg.X07.prev   Tavg.X08.prev   Tavg.X09.prev  
 Min.   :288.3   Min.   :290.0   Min.   :289.9   Min.   :286.5  
 1st Qu.:290.5   1st Qu.:292.3   1st Qu.:291.8   1st Qu.:288.1  
 Median :291.2   Median :293.1   Median :292.8   Median :289.0  
 Mean   :291.3   Mean   :293.2   Mean   :292.7   Mean   :289.1  
 3rd Qu.:292.2   3rd Qu.:294.1   3rd Qu.:293.7   3rd Qu.:290.1  
 Max.   :294.5   Max.   :295.9   Max.   :295.6   Max.   :292.6  
                                                                
 Tavg.X10.prev   Tavg.X11.prev   Tavg.X12.prev     Precip.X01    
 Min.   :280.3   Min.   :273.8   Min.   :265.4   Min.   : 22.35  
 1st Qu.:282.4   1st Qu.:276.9   1st Qu.:271.7   1st Qu.: 50.50  
 Median :283.6   Median :278.5   Median :273.9   Median : 60.25  
 Mean   :283.5   Mean   :278.5   Mean   :273.5   Mean   : 77.43  
 3rd Qu.:284.3   3rd Qu.:280.3   3rd Qu.:275.9   3rd Qu.:101.41  
 Max.   :287.9   Max.   :282.1   Max.   :277.8   Max.   :201.88  
                                                                 
   Precip.X02       Precip.X03       Precip.X04       Precip.X05    
 Min.   : 13.73   Min.   : 23.73   Min.   : 21.37   Min.   : 38.75  
 1st Qu.: 39.10   1st Qu.: 75.58   1st Qu.: 57.34   1st Qu.: 67.53  
 Median : 56.68   Median : 95.59   Median : 89.49   Median :106.73  
 Mean   : 61.36   Mean   : 98.17   Mean   : 89.83   Mean   :109.27  
 3rd Qu.: 69.27   3rd Qu.:119.74   3rd Qu.:113.31   3rd Qu.:139.25  
 Max.   :167.50   Max.   :197.24   Max.   :198.22   Max.   :240.60  
                                                                    
   Precip.X06       Precip.X07      Precip.X08       Precip.X09    
 Min.   : 25.00   Min.   : 30.3   Min.   : 33.46   Min.   :  3.68  
 1st Qu.: 52.77   1st Qu.: 82.5   1st Qu.: 73.57   1st Qu.: 50.26  
 Median : 88.87   Median :107.2   Median : 89.91   Median : 75.81  
 Mean   : 95.27   Mean   :107.2   Mean   : 92.53   Mean   :100.52  
 3rd Qu.:125.45   3rd Qu.:123.7   3rd Qu.:108.89   3rd Qu.:137.26  
 Max.   :235.52   Max.   :213.7   Max.   :164.82   Max.   :324.42  
                                                                   
   Precip.X10       Precip.X11       Precip.X12     Precip.X01.prev 
 Min.   :  2.71   Min.   : 10.18   Min.   : 32.42   Min.   : 28.39  
 1st Qu.: 32.38   1st Qu.: 54.37   1st Qu.: 56.27   1st Qu.: 51.92  
 Median : 56.60   Median : 83.11   Median : 78.97   Median : 60.42  
 Mean   : 65.92   Mean   : 78.53   Mean   : 81.52   Mean   : 78.95  
 3rd Qu.: 90.41   3rd Qu.:104.18   3rd Qu.: 98.51   3rd Qu.:101.41  
 Max.   :206.42   Max.   :140.44   Max.   :180.21   Max.   :201.88  
                                                                    
 Precip.X02.prev  Precip.X03.prev  Precip.X04.prev  Precip.X05.prev 
 Min.   : 13.73   Min.   : 23.73   Min.   : 21.37   Min.   : 38.75  
 1st Qu.: 39.86   1st Qu.: 75.58   1st Qu.: 57.34   1st Qu.: 67.53  
 Median : 56.80   Median : 94.75   Median : 89.49   Median :106.73  
 Mean   : 61.80   Mean   : 97.01   Mean   : 85.97   Mean   :108.95  
 3rd Qu.: 69.27   3rd Qu.:113.50   3rd Qu.:109.68   3rd Qu.:140.03  
 Max.   :167.50   Max.   :197.24   Max.   :142.73   Max.   :240.60  
                                                                    
 Precip.X06.prev  Precip.X07.prev  Precip.X08.prev  Precip.X09.prev 
 Min.   : 25.00   Min.   : 30.30   Min.   : 33.46   Min.   :  3.68  
 1st Qu.: 52.77   1st Qu.: 84.09   1st Qu.: 73.63   1st Qu.: 50.26  
 Median : 90.33   Median :107.45   Median : 89.91   Median : 75.81  
 Mean   : 98.35   Mean   :111.77   Mean   : 96.20   Mean   :100.09  
 3rd Qu.:143.87   3rd Qu.:137.67   3rd Qu.:110.90   3rd Qu.:134.46  
 Max.   :235.52   Max.   :213.67   Max.   :184.86   Max.   :324.42  
                                                                    
 Precip.X10.prev  Precip.X11.prev  Precip.X12.prev   BA.tree.cm2      
 Min.   :  2.71   Min.   : 10.18   Min.   : 32.42   Min.   :   7.908  
 1st Qu.: 32.38   1st Qu.: 54.37   1st Qu.: 55.06   1st Qu.:  25.582  
 Median : 56.60   Median : 76.21   Median : 74.47   Median :  33.283  
 Mean   : 67.14   Mean   : 78.00   Mean   : 79.30   Mean   : 113.896  
 3rd Qu.:105.44   3rd Qu.:104.18   3rd Qu.: 93.28   3rd Qu.: 102.589  
 Max.   :206.42   Max.   :140.44   Max.   :180.21   Max.   :1068.805  
                                                                      
 Tavg.pX06.pX08  Tavg.pX09.pX11  Tavg.pX12.X02    Tavg.X03.X05  
 Min.   :290.2   Min.   :280.9   Min.   :267.8   Min.   :278.6  
 1st Qu.:291.6   1st Qu.:282.9   1st Qu.:271.6   1st Qu.:280.9  
 Median :292.3   Median :283.7   Median :273.2   Median :282.0  
 Mean   :292.4   Mean   :283.7   Mean   :272.9   Mean   :282.0  
 3rd Qu.:293.1   3rd Qu.:284.7   3rd Qu.:274.4   3rd Qu.:283.1  
 Max.   :295.0   Max.   :286.1   Max.   :276.3   Max.   :285.5  
                                                                
  Tavg.X06.X08    Tavg.X09.X11   Precip.pX06.pX08 Precip.pX09.pX11
 Min.   :290.2   Min.   :280.9   Min.   : 55.85   Min.   : 25.07  
 1st Qu.:291.6   1st Qu.:282.9   1st Qu.: 80.16   1st Qu.: 53.91  
 Median :292.4   Median :283.8   Median : 97.00   Median : 83.34  
 Mean   :292.4   Mean   :283.7   Mean   :102.11   Mean   : 81.74  
 3rd Qu.:293.1   3rd Qu.:284.7   3rd Qu.:119.64   3rd Qu.:100.27  
 Max.   :295.0   Max.   :286.1   Max.   :167.41   Max.   :158.02  
                                                                  
 Precip.pX12.X02  Precip.X03.X05   Precip.X06.X08   Precip.X09.X11  
 Min.   : 31.29   Min.   : 54.93   Min.   : 55.85   Min.   : 25.07  
 1st Qu.: 57.85   1st Qu.: 81.10   1st Qu.: 77.99   1st Qu.: 53.91  
 Median : 67.09   Median : 99.67   Median : 95.67   Median : 83.34  
 Mean   : 72.69   Mean   : 99.09   Mean   : 98.32   Mean   : 81.66  
 3rd Qu.: 92.78   3rd Qu.:111.73   3rd Qu.:112.41   3rd Qu.:100.27  
 Max.   :118.57   Max.   :159.48   Max.   :159.91   Max.   :158.02  
                                                                    
> 
> # Loading previous runs
> #load(file="Test results for ACRU 4 - All Sites 1990-2011.Rdata")
> 
> 
> ####################################################################################################################
> overall.model <- function(
+ 							   SIZE,aa,ab, gmax,             # Autogenic (a) -- ABSOLUTE UNITS (from gmax)
+                             BA.PLOT,RS,ca,cb,cc,cd,ce,cf,cg, # Competition (c) -- scalar
+                             # # BA.PLOT,RS,ca,cb,cc,cd,cf,cg, # Competition (c) -- scalar, removed intercept
+                             TEMP,ta1,tb1,					 # Temperature (t) -- scalar
+                             PRECIP,FLOW,pa1,pb1,pc1         		 # Preciptiation (p) -- scalar
+                             # TRANS, ha		             	 # Habitat (h) -- scalar
+                             )
+ 	{
+ 	################
+ 	# Autogenic Growth: 0-1 * gmax (max possible growth, absolute units)
+ 	################
+ 	autogenic.effect <- gmax*(1 - aa*exp(-ab*SIZE))   
+ 	# autogenic.effect <- gmax*(1-aa*exp(-ab*SIZE))   
+ 
+ 
+ 	################
+ 	# Competition Effect: 0-1 
+ 	################
+ 	size.effect <- ca*exp(-cb*(RS^cc))
+ 	comp.effect <- (ce/1000 + ( (1-ce/1000)/(1+(BA.PLOT/cf)^cg)))
+ 	# comp.effect <- (1/(1+(BA.PLOT/cf)^cg))
+ 	comp.response <- exp(-size.effect*(comp.effect^cd))
+ 
+  	################
+ 	# Climate Effect: Now Scalar
+ 	################
+ 	
+ 	#Temp on scale 0-1
+     temp.effect <- t(exp(-0.5*((t(TEMP)-ta1)/tb1)^2))
+ 
+     # Precip on scale 0-1
+     # precip.effect <- t(1/(1+(t(PRECIP)/pa1)^pb1))
+ 	precip.effect <- t(exp(-0.5*((t(PRECIP+pc1*FLOW*PRECIP)-pa1)/pb1)^2)) # Gaussian Data Frame
+ 
+ 	# Multiplying temp & precip together
+     climate.effect <- temp.effect * precip.effect
+ 	 
+ 	 ### LEM: do row sums
+ 	 ##### CRR note: I think this should be on a scale from 0-1; 
+      # climate.effect <- colSums(climate.effect) 
+ 	 climate.effect2 <- apply(climate.effect, 1, FUN=prod)
+ 	
+ 
+ 	################
+ 	# Habitat Effect: 0-1
+ 	# Note: removed from model for the moment, may add Topographic position or upslope area later
+ 	################
+ 	# habitat.effect <- ha[TRANS]
+ 
+ 	# comp.response <- 1
+ 	habitat.effect <- 1
+ 	# climate.effect2 <- precip.effect
+ 
+ 	autogenic.effect*comp.response*habitat.effect*climate.effect2
+ 	
+ 
+ 	}
> 
> 
> ####################################################################################################################
> ####################################################################################################################
> ### setting up annealing
> 
> # par <- results$best_par
> 
> # need a list that gives initial values for all of the "parameters"
> par<-list(
+ 		  aa=1, ab=0.00554, gmax=10000,  	# Autogenic
+           ca=2000, cb=14.6, cc=4.98, cd=0.0122, ce=0, cf=1000, cg=-165.27,  # Competition
+           ta1=c(278.38,	264.81,	284.25,	314.92,	250.36,	250), 
+           tb1=c(266.04,	29.30,	489.61,	451.51,	449.48,	21.43),
+           pa1=c(27.23,	440.96,	492.98,	215.03,	19.55,	0.057), 
+           pb1=c(224.39,	1956.4,	638.42,	302.86,	725.79,	115.37), 
+           pc1=0.409, 
+           # # ha=rep(0.5,3),  # Habitat
+           sd=126.61)
> 
> # also need a list that identifies the independent variables
> var <- list(SIZE = "BA.tree.cm2",  # Autogenic
+             BA.PLOT="BA.m2ha.plot.live", RS="RelBA",  # Competition
+             TEMP = acru.run[,temp.col.ind], # hard-coded above
+             PRECIP = acru.run[,precip.col.ind], FLOW="flow"
+             # TRANS="Site.Trans" # Habitat
+             )
> 
> ## Set bounds and initial search ranges within which to search for parameters
> ##   NOTE:  the s and sd parameters have to be greater than zero (algebraically)
> par_lo <-list(
+ 			  aa=0, ab=0, gmax=0,  # Autogenic
+               ca=0, cb=0, cc=0, cd=0, ce=0, cf=-100, cg=-1000, # Competition
+               # # ca=0, cb=0, cc=0, cd=0, cf=-100, cg=-200, # Competition
+               ta1=rep(250, length=length(temp.col.ind)), tb1=rep(0, length=length(temp.col.ind)),
+               pa1=rep(0, length=length(precip.col.ind)), pb1=rep(0, length=length(precip.col.ind)), pc1=0,
+ 			# ha=rep(0,3), # Habitat
+               sd=0.1)
> 
> 
> par_hi <-list(
+ 			  aa=1, ab=1000, gmax=10000, # Autogenic
+               ca=2000, cb=1000, cc=5, cd=5, ce=1000, cf=1000, cg=1000,	# Competition
+               # # ca=1000, cb=1000, cc=50, cd=5, cf=500, cg=1000,	# Competition
+               ta1=rep(325, length=length(temp.col.ind)), tb1=rep(500, length=length(temp.col.ind)),
+               pa1=rep(500, length=length(precip.col.ind)), pb1=rep(2000, length=length(precip.col.ind)), pc1=1,
+               # ha=rep(1,3), # Habitat
+               sd=1000)
> 
> ## Specify the dependent variable, and name it using whatever
> ##    argument name is used in the pdf ("x" in the normal.pdf function above)
> var$x<-"BAI"
> 
> ## predicted value in your PDF should be given the reserved name "predicted"
> ##   Anneal will use your scientific model and your data and calculate the
> ##   predicted value for each observation and store it internally in an object
> ##   called "predicted"
> var$mean<-"predicted"
> 
> ## Have it calculate log likelihood
> var$log<-TRUE
> 
> ##  now call the annealing algorithm, choosing which model to use
> #  "data" should be whatever the name of your dataframe is...
> results <- anneal(overall.model, par, var, acru.run, par_lo, par_hi, dnorm, "BAI", hessian = T, slimit=1.92, max_iter=100000)
> 
> save(results,file=file.path("Outputs", paste( run.label, "_Results.Rdata", sep="")))
> 
> write_results(results,file.path("Outputs", paste( run.label, "_Results.txt", sep="")))
> 
> ## display some of the results in the console
> results$best_pars;
$aa
[1] 1

$ab
[1] 0.00610088

$gmax
[1] 10000

$ca
[1] 98.4544

$cb
[1] 14.50658

$cc
[1] 5

$cd
[1] 0.08691324

$ce
[1] 0

$cf
[1] 255.7611

$cg
[1] -21.38643

$ta1
[1] 302.5892 250.0805 273.7663 250.0118 299.6547 271.7566

$tb1
[1] 207.050594  74.205051   5.152320 151.730821  10.557190   9.363957

$pa1
[1] 414.9819479  80.5540000 282.9366729 117.0861461 108.7452265   0.3115363

$pb1
[1] 1048.05189  103.95132  224.23391  101.57428   94.83031  142.80936

$pc1
[1] 0.795284

$sd
[1] 123.1899

> results$max_likeli;
[1] -2315.167
> results$aic_corr ;
[1] 4710.285
> results$slope;
[1] 1.006805
> results$R2
[1] 0.6927366
> 
> ####################################################################################################################
> ####################################################################################################################
> load(file=file.path("Outputs", paste( run.label, "_Results.Rdata", sep="")))
> 
> 
> # Looking at Residuals and Parameters
> #windows()
> plot(results$source_data$predicted,results$source_data$BAI,xlab="Predicted",ylab="Observed")
> abline(0,1,lwd=2,col="red")
> 
> results$source_data$residual <- results$source_data$BAI - results$source_data$predicted
> #windows()
> hist(results$source_data$residual)
> 
> 
> ##################################
> autogenic.effect <- function(SIZE,aa,ab) { (1 - aa*exp(-ab*SIZE))  }
> ##################################
> plot(BAI ~ BA.tree.cm2, data=results$source_data)
> plot(BAI ~ Age, data=results$source_data)
> plot(BA.tree.cm2 ~ Age, data=results$source_data)
> 
> summary(results$source_data$BA.tree.cm2)
    Min.  1st Qu.   Median     Mean  3rd Qu.     Max. 
   7.908   25.580   33.280  113.900  102.600 1069.000 
> summary(results$source_data$Age)
   Min. 1st Qu.  Median    Mean 3rd Qu.    Max. 
  14.00   31.00   54.50   53.47   75.00  101.00 
> 
> # Effect of Tree Basal Area
> #windows()
> par(mar=c(5,5,4,2), mfrow=c(1,1))
> x <- seq(0,max(ceiling(results$source_data$BA.tree.cm2)),1)
> y <- autogenic.effect(x,results$best_pars$aa,results$best_pars$ab)
> 
> pdf(file.path("Figures", paste(run.label, " - Autogenic Scalar.pdf", sep="")))
> plot(x,y,ylim=c(0,1),xlab="Tree Basal Area (cm2)",ylab="Effect of Size on Growth",
+      cex.axis=1.25,cex.lab=1.5,type="l",lwd=2,main=run.label)
> dev.off()
pdf 
  2 
> 
> 
> #################################
> size.effect <- function(SIZE,ca,cb,cc) {ca*exp(-cb*(SIZE^cc))}
> comp.effect <- function(BA.PLOT,ce,cf,cg) {ce/1000 + ( (1-ce/1000)/(1+(BA.PLOT/cf)^cg))}
> comp.response <- function(SIZE,BA.PLOT,ca,cb,cc,cd,ce,cf,cg)
+   { size.effect <- ca*exp(-cb*(SIZE^cc))
+     comp.effect <- (ce/1000 + ( (1-ce/1000)/(1+(BA.PLOT/cf)^cg)))
+     comp.response <- exp(-size.effect*(comp.effect^cd)) }
> ##################################
> # Size Effect
> plot(BAI ~ RelBA, data=results$source_data)
> 
> par(mar=c(5,5,4,2))
> x <- seq(0,1,0.01)
> y <- size.effect(x,results$best_pars$ca, results$best_pars$cb,results$best_pars$cc)
> summary(y)
    Min.  1st Qu.   Median     Mean  3rd Qu.     Max. 
 0.00005  3.14900 62.57000 52.91000 97.07000 98.45000 
> 
> pdf(file.path("Figures", paste(run.label, " - Competition Size Effect.pdf", sep="")))
> plot(x,y,xlab="Relative Size",ylab="Size Effect",type="l",lwd=2,
+       cex.lab=1.5,cex.axis=1.25,main=run.label)
> #savePlot(file=paste("Competition Plot 1 ",run.label,".png",sep=""),type="png")
> dev.off()
pdf 
  2 
> 
> #####################
> # Plot BA effect
> plot(BAI ~ BA.m2ha.plot, data=results$source_data)
> 
> par(mar=c(5,5,4,2))
> x <- seq(0,60,0.1)
> y <- comp.effect(x, results$best_pars$ce, results$best_pars$cf,results$best_pars$cg)
> summary(y)
     Min.   1st Qu.    Median      Mean   3rd Qu.      Max. 
0.000e+00 0.000e+00 1.000e-20 1.551e-15 7.267e-17 3.414e-14 
> 
> pdf(file.path("Figures", paste(run.label, " - Competition Competitive Effect.pdf", sep="")))
> plot(x,y,ylim=c(0,1),xlab="Plot BA",ylab="Competitive Effect",type="l",lwd=2,
+        cex.lab=1.5,cex.axis=1.25,main=run.label)
> dev.off()
pdf 
  2 
> #savePlot(file=paste("Competition Plot 2 ",run.label,".png",sep=""),type="png")
> 
> #####################
> # Competition Response: Size vs. Response with different plot BA levels
> plot(BA.m2ha.plot~ RelBA, data=results$source_data)
> 
> 
> pdf(file.path("Figures", paste(run.label, " - Competition Response Scalar.pdf", sep="")))
> par(mar=c(5,5,4,2))
> colors <- c("red","orange","blue","cyan","green")
> x <- seq(0,1,0.01)
> y <- comp.response(SIZE=x, BA.PLOT=50, results$best_pars$ca, results$best_pars$cb, results$best_pars$cc, results$best_pars$cd, results$best_pars$ce, results$best_pars$cf, results$best_pars$cg)
> plot(x,y,ylim=c(0,1),xlab="Relative Size",ylab="Competition Scalar",type="l",col=colors[1],lwd=2,
+      cex.lab=1.5,cex.axis=1.25,main=run.label)
> y <- comp.response(SIZE=x, BA.PLOT=40, results$best_pars$ca, results$best_pars$cb, results$best_pars$cc, results$best_pars$cd, results$best_pars$ce, results$best_pars$cf, results$best_pars$cg)
> lines(x,y,col=colors[2],lwd=2)
> y <- comp.response(SIZE=x, BA.PLOT=30, results$best_pars$ca, results$best_pars$cb, results$best_pars$cc, results$best_pars$cd, results$best_pars$ce, results$best_pars$cf, results$best_pars$cg)
> lines(x,y,col=colors[3],lwd=2)
> y <- comp.response(SIZE=x, BA.PLOT=20, results$best_pars$ca, results$best_pars$cb, results$best_pars$cc, results$best_pars$cd, results$best_pars$ce, results$best_pars$cf, results$best_pars$cg)
> lines(x,y,col=colors[4],lwd=2)
> y <- comp.response(SIZE=x, BA.PLOT=10, results$best_pars$ca, results$best_pars$cb, results$best_pars$cc, results$best_pars$cd, results$best_pars$ce, results$best_pars$cf, results$best_pars$cg)
> lines(x,y,col=colors[5],lwd=2)
> lines(x,y,col=colors[6],lwd=2)
> legend("bottomright",legend=c(50,40,30,20,10),col=colors,bty="n",lwd=2,title="Plot\nBasal\nArea",cex=1.25)
> dev.off()
pdf 
  2 
> #savePlot(file=paste("Competition Plot 3 ",run.label,".png",sep=""),type="png")
> 
> 
> ##################################
> temp.effect <- function(TEMP,ta1,tb1)
+        { t(exp(-0.5*((t(TEMP)-ta1)/tb1)^2))  }
> 
> precip.effect <- function(PRECIP,FLOW,pa1,pb1,pc1)
+        { exp(-0.5*((t(PRECIP+pc1*FLOW*PRECIP)-pa1)/pb1)^2)) }
Error: unexpected ')' in:
"precip.effect <- function(PRECIP,FLOW,pa1,pb1,pc1)
       { exp(-0.5*((t(PRECIP+pc1*FLOW*PRECIP)-pa1)/pb1)^2))"
Execution halted
